<?xml version="1.0" encoding="UTF-8"?>
<!-- Generated by org.testng.reporters.JUnitReportReporter -->
<testsuite hostname="mk-PC" failures="0" tests="1" name="Tests" time="11.169" errors="0" timestamp="25 cze 2019 16:55:25 GMT" skipped="0">
  <testcase classname="Tests" name="test001" time="11.169"/>
</testsuite> <!-- Tests -->
